<?xml version="1.0" encoding="UTF-8"?>
<testng-results ignored="0" total="1" passed="1" failed="0" skipped="0">
  <reporter-output>
  </reporter-output>
  <suite started-at="2025-04-02T18:20:54 CST" name="Default suite" finished-at="2025-04-02T18:20:57 CST" duration-ms="3077">
    <groups>
    </groups>
    <test started-at="2025-04-02T18:20:54 CST" name="Default test" finished-at="2025-04-02T18:20:57 CST" duration-ms="3077">
      <class name="com.qa.restApiTest.APITestingAutomation">
        <test-method is-config="true" signature="beforeMethod()[pri:0, instance:com.qa.restApiTest.APITestingAutomation@54d9d12d]" started-at="2025-04-02T18:20:54 CST" name="beforeMethod" finished-at="2025-04-02T18:20:54 CST" duration-ms="16" status="PASS">
          <reporter-output>
          </reporter-output>
        </test-method> <!-- beforeMethod -->
        <test-method signature="postApiTest()[pri:0, instance:com.qa.restApiTest.APITestingAutomation@54d9d12d]" started-at="2025-04-02T18:20:54 CST" name="postApiTest" finished-at="2025-04-02T18:20:57 CST" duration-ms="2982" status="PASS">
          <reporter-output>
          </reporter-output>
        </test-method> <!-- postApiTest -->
      </class> <!-- com.qa.restApiTest.APITestingAutomation -->
    </test> <!-- Default test -->
  </suite> <!-- Default suite -->
</testng-results>
